08:46:18 **** Build of configuration Debug for project inheritance ****
make all 
Building file: ../inheritance.cpp
Invoking: GCC C++ Compiler
g++ -O0 -g3 -Wall -c -fmessage-length=0 -MMD -MP -MF"inheritance.d" -MT"inheritance.o" -o "inheritance.o" "../inheritance.cpp"
Finished building: ../inheritance.cpp
 
Building target: inheritance
Invoking: MacOS X C++ Linker
g++  -o "inheritance"  ./inheritance.o   
Finished building target: inheritance
 
08:46:56 **** Incremental Build of configuration Debug for project inheritance ****
make all 
make: Nothing to be done for `all'.
08:48:07 **** Incremental Build of configuration Debug for project inheritance ****
make all 
Building target: inheritance
Invoking: MacOS X C++ Linker
g++  -o "inheritance"  ./inheritance.o   
Finished building target: inheritance
 
08:48:13 **** Incremental Build of configuration Debug for project inheritance ****
make all 
make: Nothing to be done for `all'.
08:48:31 **** Incremental Build of configuration Debug for project inheritance ****
make all 
make: Nothing to be done for `all'.
13:52:18 **** Incremental Build of configuration Debug for project inheritance ****
make all 
Building file: ../inheritance.cpp
Invoking: GCC C++ Compiler
g++ -O0 -g3 -Wall -c -fmessage-length=0 -MMD -MP -MF"inheritance.d" -MT"inheritance.o" -o "inheritance.o" "../inheritance.cpp"
In file included from ../inheritance.cpp:1:
/usr/local/include/GraphicsMagick/Magick++.h:9:10: error: 'Magick++/Include.h' file not found with <angled> include; use "quotes" instead
#include <Magick++/Include.h>
         ^
In file included from ../inheritance.cpp:1:
In file included from /usr/local/include/GraphicsMagick/Magick++.h:9:
/usr/local/include/GraphicsMagick/Magick++/Include.h:13:12: fatal error: 'magick/magick_config.h' file not found
#  include "magick/magick_config.h"
           ^
2 errors generated.
make: *** [inheritance.o] Error 1
13:53:03 **** Incremental Build of configuration Debug for project inheritance ****
make all 
Building file: ../inheritance.cpp
Invoking: GCC C++ Compiler
g++ -O0 -g3 -Wall -c -fmessage-length=0 -MMD -MP -MF"inheritance.d" -MT"inheritance.o" -o "inheritance.o" "../inheritance.cpp"
In file included from ../inheritance.cpp:1:
/usr/local/include/GraphicsMagick/Magick++.h:9:10: error: 'Magick++/Include.h' file not found with <angled> include; use "quotes" instead
#include <Magick++/Include.h>
         ^
In file included from ../inheritance.cpp:1:
In file included from /usr/local/include/GraphicsMagick/Magick++.h:9:
/usr/local/include/GraphicsMagick/Magick++/Include.h:13:12: fatal error: 'magick/magick_config.h' file not found
#  include "magick/magick_config.h"
           ^
2 errors generated.
make: *** [inheritance.o] Error 1
13:54:16 **** Incremental Build of configuration Debug for project inheritance ****
make all 
Building file: ../inheritance.cpp
Invoking: GCC C++ Compiler
g++ -O0 -g3 -Wall -c -fmessage-length=0 -MMD -MP -MF"inheritance.d" -MT"inheritance.o" -o "inheritance.o" "../inheritance.cpp"
In file included from ../inheritance.cpp:1:
In file included from /usr/local/include/GraphicsMagick/Magick++.h:9:
/usr/local/include/GraphicsMagick/Magick++/Include.h:13:12: fatal error: 'magick/magick_config.h' file not found
#  include "magick/magick_config.h"
           ^
1 error generated.
make: *** [inheritance.o] Error 1
13:57:10 **** Incremental Build of configuration Debug for project inheritance ****
make all 
Building file: ../inheritance.cpp
Invoking: GCC C++ Compiler
g++ -O0 -g3 -Wall -c -fmessage-length=0 -MMD -MP -MF"inheritance.d" -MT"inheritance.o" -o "inheritance.o" "../inheritance.cpp"
In file included from ../inheritance.cpp:1:
In file included from /usr/local/include/GraphicsMagick/Magick++.h:9:
/usr/local/include/GraphicsMagick/Magick++/Include.h:13:12: fatal error: 'magick/magick_config.h' file not found
#  include "magick/magick_config.h"
           ^
1 error generated.
make: *** [inheritance.o] Error 1
14:10:13 **** Incremental Build of configuration Debug for project inheritance ****
make all 
Building file: ../inheritance.cpp
Invoking: GCC C++ Compiler
g++ -O0 -g3 -Wall -c -fmessage-length=0 -MMD -MP -MF"inheritance.d" -MT"inheritance.o" -o "inheritance.o" "../inheritance.cpp"
In file included from ../inheritance.cpp:1:
/usr/local/include/GraphicsMagick/Magick++.h:9:10: error: 'Magick++/Include.h' file not found with <angled> include; use "quotes" instead
#include <Magick++/Include.h>
         ^
In file included from ../inheritance.cpp:1:
In file included from /usr/local/include/GraphicsMagick/Magick++.h:9:
/usr/local/include/GraphicsMagick/Magick++/Include.h:13:12: fatal error: 'magick/magick_config.h' file not found
#  include "magick/magick_config.h"
           ^
2 errors generated.
make: *** [inheritance.o] Error 1
14:21:23 **** Incremental Build of configuration Debug for project inheritance ****
make all 
Building file: ../inheritance.cpp
Invoking: GCC C++ Compiler
g++ -O0 -g3 -Wall -c -fmessage-length=0 -MMD -MP -MF"inheritance.d" -MT"inheritance.o" -o "inheritance.o" "../inheritance.cpp"
../inheritance.cpp:1:10: fatal error: 'config.h' file not found
#include <config.h>
         ^
1 error generated.
make: *** [inheritance.o] Error 1
14:21:41 **** Incremental Build of configuration Debug for project inheritance ****
make all 
Building file: ../inheritance.cpp
Invoking: GCC C++ Compiler
g++ -O0 -g3 -Wall -c -fmessage-length=0 -MMD -MP -MF"inheritance.d" -MT"inheritance.o" -o "inheritance.o" "../inheritance.cpp"
../inheritance.cpp:1:10: fatal error: 'config.h' file not found
#include <config.h>
         ^
1 error generated.
make: *** [inheritance.o] Error 1
14:22:22 **** Incremental Build of configuration Debug for project inheritance ****
make all 
Building file: ../inheritance.cpp
Invoking: GCC C++ Compiler
g++ -O0 -g3 -Wall -c -fmessage-length=0 -MMD -MP -MF"inheritance.d" -MT"inheritance.o" -o "inheritance.o" "../inheritance.cpp"
../inheritance.cpp:1:10: fatal error: 'config.h' file not found
#include <config.h>
         ^
1 error generated.
make: *** [inheritance.o] Error 1
14:25:07 **** Incremental Build of configuration Debug for project inheritance ****
make all 
Building file: ../inheritance.cpp
Invoking: GCC C++ Compiler
g++ -O0 -g3 -Wall -c -fmessage-length=0 -MMD -MP -MF"inheritance.d" -MT"inheritance.o" -o "inheritance.o" "../inheritance.cpp"
../inheritance.cpp:1:10: fatal error: 'config.h' file not found
#include <config.h>
         ^
1 error generated.
make: *** [inheritance.o] Error 1
19:12:53 **** Incremental Build of configuration Debug for project inheritance ****
make all 
Building file: ../inheritance.cpp
Invoking: GCC C++ Compiler
g++ -O0 -g3 -Wall -c -fmessage-length=0 -MMD -MP -MF"inheritance.d" -MT"inheritance.o" -o "inheritance.o" "../inheritance.cpp"
../inheritance.cpp:1:10: fatal error: 'config.h' file not found
#include <config.h>
         ^
1 error generated.
make: *** [inheritance.o] Error 1
19:15:26 **** Incremental Build of configuration Debug for project inheritance ****
make all 
Building file: ../inheritance.cpp
Invoking: GCC C++ Compiler
g++ -O0 -g3 -Wall -c -fmessage-length=0 -MMD -MP -MF"inheritance.d" -MT"inheritance.o" -o "inheritance.o" "../inheritance.cpp"
Finished building: ../inheritance.cpp
 
Building target: inheritance
Invoking: MacOS X C++ Linker
g++  -o "inheritance"  ./inheritance.o   
Undefined symbols for architecture x86_64:
  "gnutls::client_session::client_session()", referenced from:
      _main in inheritance.o
  "gnutls::client_session::~client_session()", referenced from:
      _main in inheritance.o
  "gnutls::certificate_credentials::set_x509_trust_file(char const*, gnutls_x509_crt_fmt_t)", referenced from:
      _main in inheritance.o
  "gnutls::certificate_credentials::certificate_credentials()", referenced from:
      _main in inheritance.o
  "gnutls::certificate_credentials::~certificate_credentials()", referenced from:
      _main in inheritance.o
  "gnutls::session::set_priority(char const*, char const**)", referenced from:
      _main in inheritance.o
  "gnutls::session::set_credentials(gnutls::credentials&)", referenced from:
      _main in inheritance.o
  "gnutls::session::set_transport_ptr(void*)", referenced from:
      _main in inheritance.o
  "gnutls::session::bye(gnutls_close_request_t)", referenced from:
      _main in inheritance.o
  "gnutls::session::recv(void*, unsigned long)", referenced from:
      _main in inheritance.o
  "gnutls::session::send(void const*, unsigned long)", referenced from:
      _main in inheritance.o
  "gnutls::session::handshake()", referenced from:
      _main in inheritance.o
  "_gnutls_global_deinit", referenced from:
      _main in inheritance.o
  "_gnutls_global_init", referenced from:
      _main in inheritance.o
  "_gnutls_strerror", referenced from:
      _main in inheritance.o
  "_tcp_close", referenced from:
      _main in inheritance.o
  "_tcp_connect", referenced from:
      _main in inheritance.o
ld: symbol(s) not found for architecture x86_64
clang: error: linker command failed with exit code 1 (use -v to see invocation)
make: *** [inheritance] Error 1
19:15:44 **** Incremental Build of configuration Debug for project inheritance ****
make all 
Building target: inheritance
Invoking: MacOS X C++ Linker
g++  -o "inheritance"  ./inheritance.o   
Undefined symbols for architecture x86_64:
  "gnutls::client_session::client_session()", referenced from:
      _main in inheritance.o
  "gnutls::client_session::~client_session()", referenced from:
      _main in inheritance.o
  "gnutls::certificate_credentials::set_x509_trust_file(char const*, gnutls_x509_crt_fmt_t)", referenced from:
      _main in inheritance.o
  "gnutls::certificate_credentials::certificate_credentials()", referenced from:
      _main in inheritance.o
  "gnutls::certificate_credentials::~certificate_credentials()", referenced from:
      _main in inheritance.o
  "gnutls::session::set_priority(char const*, char const**)", referenced from:
      _main in inheritance.o
  "gnutls::session::set_credentials(gnutls::credentials&)", referenced from:
      _main in inheritance.o
  "gnutls::session::set_transport_ptr(void*)", referenced from:
      _main in inheritance.o
  "gnutls::session::bye(gnutls_close_request_t)", referenced from:
      _main in inheritance.o
  "gnutls::session::recv(void*, unsigned long)", referenced from:
      _main in inheritance.o
  "gnutls::session::send(void const*, unsigned long)", referenced from:
      _main in inheritance.o
  "gnutls::session::handshake()", referenced from:
      _main in inheritance.o
  "_gnutls_global_deinit", referenced from:
      _main in inheritance.o
  "_gnutls_global_init", referenced from:
      _main in inheritance.o
  "_gnutls_strerror", referenced from:
      _main in inheritance.o
  "_tcp_close", referenced from:
      _main in inheritance.o
  "_tcp_connect", referenced from:
      _main in inheritance.o
ld: symbol(s) not found for architecture x86_64
clang: error: linker command failed with exit code 1 (use -v to see invocation)
make: *** [inheritance] Error 1
19:16:10 **** Incremental Build of configuration Debug for project inheritance ****
make all 
Building target: inheritance
Invoking: MacOS X C++ Linker
g++  -o "inheritance"  ./inheritance.o   
Undefined symbols for architecture x86_64:
  "gnutls::client_session::client_session()", referenced from:
      _main in inheritance.o
  "gnutls::client_session::~client_session()", referenced from:
      _main in inheritance.o
  "gnutls::certificate_credentials::set_x509_trust_file(char const*, gnutls_x509_crt_fmt_t)", referenced from:
      _main in inheritance.o
  "gnutls::certificate_credentials::certificate_credentials()", referenced from:
      _main in inheritance.o
  "gnutls::certificate_credentials::~certificate_credentials()", referenced from:
      _main in inheritance.o
  "gnutls::session::set_priority(char const*, char const**)", referenced from:
      _main in inheritance.o
  "gnutls::session::set_credentials(gnutls::credentials&)", referenced from:
      _main in inheritance.o
  "gnutls::session::set_transport_ptr(void*)", referenced from:
      _main in inheritance.o
  "gnutls::session::bye(gnutls_close_request_t)", referenced from:
      _main in inheritance.o
  "gnutls::session::recv(void*, unsigned long)", referenced from:
      _main in inheritance.o
  "gnutls::session::send(void const*, unsigned long)", referenced from:
      _main in inheritance.o
  "gnutls::session::handshake()", referenced from:
      _main in inheritance.o
  "_gnutls_global_deinit", referenced from:
      _main in inheritance.o
  "_gnutls_global_init", referenced from:
      _main in inheritance.o
  "_gnutls_strerror", referenced from:
      _main in inheritance.o
  "_tcp_close", referenced from:
      _main in inheritance.o
  "_tcp_connect", referenced from:
      _main in inheritance.o
ld: symbol(s) not found for architecture x86_64
clang: error: linker command failed with exit code 1 (use -v to see invocation)
make: *** [inheritance] Error 1
19:17:26 **** Incremental Build of configuration Debug for project inheritance ****
make all 
Building file: ../inheritance.cpp
Invoking: GCC C++ Compiler
g++ -O0 -g3 -Wall -c -fmessage-length=0 -MMD -MP -MF"inheritance.d" -MT"inheritance.o" -o "inheritance.o" "../inheritance.cpp"
Finished building: ../inheritance.cpp
 
Building target: inheritance
Invoking: MacOS X C++ Linker
g++  -o "inheritance"  ./inheritance.o   
Finished building target: inheritance
 
19:19:57 **** Incremental Build of configuration Debug for project inheritance ****
make all 
Building file: ../inheritance.cpp
Invoking: GCC C++ Compiler
g++ -O0 -g3 -Wall -c -fmessage-length=0 -MMD -MP -MF"inheritance.d" -MT"inheritance.o" -o "inheritance.o" "../inheritance.cpp"
Finished building: ../inheritance.cpp
 
Building target: inheritance
Invoking: MacOS X C++ Linker
g++  -o "inheritance"  ./inheritance.o   
Finished building target: inheritance
 
19:29:11 **** Incremental Build of configuration Debug for project inheritance ****
make all 
Building file: ../inheritance.cpp
Invoking: GCC C++ Compiler
g++ -O0 -g3 -Wall -c -fmessage-length=0 -MMD -MP -MF"inheritance.d" -MT"inheritance.o" -o "inheritance.o" "../inheritance.cpp"
Finished building: ../inheritance.cpp
 
Building target: inheritance
Invoking: MacOS X C++ Linker
g++  -o "inheritance"  ./inheritance.o   
Undefined symbols for architecture x86_64:
  "boost::detail::graph::read_graphviz_new(std::__1::basic_string<char, std::__1::char_traits<char>, std::__1::allocator<char> > const&, boost::detail::graph::mutate_graph*)", referenced from:
      bool boost::read_graphviz_new<boost::adjacency_list<boost::vecS, boost::vecS, boost::undirectedS, boost::property<boost::vertex_name_t, std::__1::basic_string<char, std::__1::char_traits<char>, std::__1::allocator<char> >, boost::no_property>, boost::property<boost::edge_weight_t, double, boost::no_property>, boost::no_property, boost::listS> >(std::__1::basic_string<char, std::__1::char_traits<char>, std::__1::allocator<char> > const&, boost::adjacency_list<boost::vecS, boost::vecS, boost::undirectedS, boost::property<boost::vertex_name_t, std::__1::basic_string<char, std::__1::char_traits<char>, std::__1::allocator<char> >, boost::no_property>, boost::property<boost::edge_weight_t, double, boost::no_property>, boost::no_property, boost::listS>&, boost::dynamic_properties&, std::__1::basic_string<char, std::__1::char_traits<char>, std::__1::allocator<char> > const&) in inheritance.o
ld: symbol(s) not found for architecture x86_64
clang: error: linker command failed with exit code 1 (use -v to see invocation)
make: *** [inheritance] Error 1
19:33:17 **** Incremental Build of configuration Debug for project inheritance ****
make all 
Building file: ../inheritance.cpp
Invoking: GCC C++ Compiler
g++ -O0 -g3 -Wall -c -fmessage-length=0 -MMD -MP -MF"inheritance.d" -MT"inheritance.o" -o "inheritance.o" "../inheritance.cpp"
Finished building: ../inheritance.cpp
 
Building target: inheritance
Invoking: MacOS X C++ Linker
g++  -o "inheritance"  ./inheritance.o   
Finished building target: inheritance
 
19:33:25 **** Incremental Build of configuration Debug for project inheritance ****
make all 
make: Nothing to be done for `all'.
19:33:58 **** Incremental Build of configuration Debug for project inheritance ****
make all 
Building file: ../inheritance.cpp
Invoking: GCC C++ Compiler
g++ -O0 -g3 -Wall -c -fmessage-length=0 -MMD -MP -MF"inheritance.d" -MT"inheritance.o" -o "inheritance.o" "../inheritance.cpp"
Finished building: ../inheritance.cpp
 
Building target: inheritance
Invoking: MacOS X C++ Linker
g++  -o "inheritance"  ./inheritance.o   
Finished building target: inheritance
 
19:34:15 **** Incremental Build of configuration Debug for project inheritance ****
make all 
make: Nothing to be done for `all'.
07:44:19 **** Incremental Build of configuration Debug for project inheritance ****
make all 
Building file: ../inheritance.cpp
Invoking: GCC C++ Compiler
g++ -O0 -g3 -Wall -c -fmessage-length=0 -MMD -MP -MF"inheritance.d" -MT"inheritance.o" -o "inheritance.o" "../inheritance.cpp"
Finished building: ../inheritance.cpp
 
Building target: inheritance
Invoking: MacOS X C++ Linker
g++  -o "inheritance"  ./inheritance.o   
Finished building target: inheritance
 
07:44:37 **** Incremental Build of configuration Debug for project inheritance ****
make all 
make: Nothing to be done for `all'.
16:41:52 **** Incremental Build of configuration Debug for project inheritance ****
make all 
Building file: ../inheritance.cpp
Invoking: GCC C++ Compiler
g++ -O0 -g3 -Wall -c -fmessage-length=0 -MMD -MP -MF"inheritance.d" -MT"inheritance.o" -o "inheritance.o" "../inheritance.cpp"
Finished building: ../inheritance.cpp
 
Building target: inheritance
Invoking: MacOS X C++ Linker
g++  -o "inheritance"  ./inheritance.o   
Finished building target: inheritance
 
16:46:10 **** Incremental Build of configuration Debug for project inheritance ****
make all 
make: Nothing to be done for `all'.
16:47:34 **** Incremental Build of configuration Debug for project inheritance ****
make all 
make: Nothing to be done for `all'.
16:48:33 **** Incremental Build of configuration Debug for project inheritance ****
make all 
make: Nothing to be done for `all'.
16:49:43 **** Incremental Build of configuration Debug for project inheritance ****
make all 
make: Nothing to be done for `all'.
16:50:51 **** Incremental Build of configuration Debug for project inheritance ****
make all 
make: Nothing to be done for `all'.
16:51:58 **** Incremental Build of configuration Debug for project inheritance ****
make all 
make: Nothing to be done for `all'.
16:53:27 **** Incremental Build of configuration Debug for project inheritance ****
make all 
make: Nothing to be done for `all'.
16:54:30 **** Incremental Build of configuration Debug for project inheritance ****
make all 
make: Nothing to be done for `all'.
16:54:46 **** Incremental Build of configuration Debug for project inheritance ****
make all 
make: Nothing to be done for `all'.
16:56:27 **** Incremental Build of configuration Debug for project inheritance ****
make all 
make: Nothing to be done for `all'.
14:02:31 **** Incremental Build of configuration Debug for project inheritance ****
make all 
Building file: ../inheritance.cpp
Invoking: GCC C++ Compiler
g++ -O0 -g3 -Wall -c -fmessage-length=0 -MMD -MP -MF"inheritance.d" -MT"inheritance.o" -o "inheritance.o" "../inheritance.cpp"
Finished building: ../inheritance.cpp
 
Building target: inheritance
Invoking: MacOS X C++ Linker
g++  -o "inheritance"  ./inheritance.o   
Finished building target: inheritance
 
14:08:28 **** Incremental Build of configuration Debug for project inheritance ****
make all 
make: Nothing to be done for `all'.
14:08:41 **** Incremental Build of configuration Debug for project inheritance ****
make all 
make: Nothing to be done for `all'.
14:12:24 **** Incremental Build of configuration Debug for project inheritance ****
make all 
make: Nothing to be done for `all'.
14:12:39 **** Incremental Build of configuration Debug for project inheritance ****
make all 
make: Nothing to be done for `all'.
14:14:58 **** Incremental Build of configuration Debug for project inheritance ****
make all 
make: Nothing to be done for `all'.
14:15:11 **** Incremental Build of configuration Debug for project inheritance ****
make all 
make: Nothing to be done for `all'.
14:28:30 **** Incremental Build of configuration Debug for project inheritance ****
make all 
make: Nothing to be done for `all'.
14:28:42 **** Incremental Build of configuration Debug for project inheritance ****
make all 
make: Nothing to be done for `all'.
14:28:55 **** Incremental Build of configuration Debug for project inheritance ****
make all 
make: Nothing to be done for `all'.
14:31:08 **** Incremental Build of configuration Debug for project inheritance ****
make all 
make: Nothing to be done for `all'.
14:31:22 **** Incremental Build of configuration Debug for project inheritance ****
make all 
make: Nothing to be done for `all'.
17:46:43 **** Incremental Build of configuration Debug for project inheritance ****
make all 
make: Nothing to be done for `all'.
17:47:13 **** Incremental Build of configuration Debug for project inheritance ****
make all 
make: Nothing to be done for `all'.
17:47:29 **** Incremental Build of configuration Debug for project inheritance ****
make all 
make: Nothing to be done for `all'.
17:51:13 **** Incremental Build of configuration Debug for project inheritance ****
make all 
make: Nothing to be done for `all'.
17:56:17 **** Incremental Build of configuration Debug for project inheritance ****
make all 
make: Nothing to be done for `all'.
17:56:53 **** Incremental Build of configuration Debug for project inheritance ****
make all 
make: Nothing to be done for `all'.
18:00:31 **** Incremental Build of configuration Debug for project inheritance ****
make all 
make: Nothing to be done for `all'.
18:00:45 **** Incremental Build of configuration Debug for project inheritance ****
make all 
make: Nothing to be done for `all'.
18:00:56 **** Incremental Build of configuration Debug for project inheritance ****
make all 
make: Nothing to be done for `all'.
18:03:34 **** Incremental Build of configuration Debug for project inheritance ****
make all 
make: Nothing to be done for `all'.
18:17:10 **** Incremental Build of configuration Debug for project inheritance ****
make all 
make: Nothing to be done for `all'.
18:19:28 **** Incremental Build of configuration Debug for project inheritance ****
make all 
make: Nothing to be done for `all'.
18:20:00 **** Incremental Build of configuration Debug for project inheritance ****
make all 
make: Nothing to be done for `all'.
18:32:58 **** Incremental Build of configuration Debug for project inheritance ****
make all 
make: Nothing to be done for `all'.
18:33:17 **** Incremental Build of configuration Debug for project inheritance ****
make all 
make: Nothing to be done for `all'.
18:33:30 **** Incremental Build of configuration Debug for project inheritance ****
make all 
make: Nothing to be done for `all'.
18:34:12 **** Incremental Build of configuration Debug for project inheritance ****
make all 
make: Nothing to be done for `all'.
18:36:53 **** Incremental Build of configuration Debug for project inheritance ****
make all 
make: Nothing to be done for `all'.
18:37:05 **** Incremental Build of configuration Debug for project inheritance ****
make all 
make: Nothing to be done for `all'.
18:39:41 **** Incremental Build of configuration Debug for project inheritance ****
make all 
make: Nothing to be done for `all'.
18:40:53 **** Incremental Build of configuration Debug for project inheritance ****
make all 
make: Nothing to be done for `all'.
18:41:06 **** Incremental Build of configuration Debug for project inheritance ****
make all 
make: Nothing to be done for `all'.
18:41:44 **** Incremental Build of configuration Debug for project inheritance ****
make all 
make: Nothing to be done for `all'.
18:42:45 **** Incremental Build of configuration Debug for project inheritance ****
make all 
make: Nothing to be done for `all'.
18:44:53 **** Incremental Build of configuration Debug for project inheritance ****
make all 
make: Nothing to be done for `all'.
18:45:08 **** Incremental Build of configuration Debug for project inheritance ****
make all 
make: Nothing to be done for `all'.
19:17:23 **** Incremental Build of configuration Debug for project inheritance ****
make all 
make: Nothing to be done for `all'.
19:17:41 **** Incremental Build of configuration Debug for project inheritance ****
make all 
make: Nothing to be done for `all'.
19:22:31 **** Incremental Build of configuration Debug for project inheritance ****
make all 
make: Nothing to be done for `all'.
19:22:44 **** Incremental Build of configuration Debug for project inheritance ****
make all 
make: Nothing to be done for `all'.
19:26:31 **** Incremental Build of configuration Debug for project inheritance ****
make all 
make: Nothing to be done for `all'.
19:26:43 **** Incremental Build of configuration Debug for project inheritance ****
make all 
make: Nothing to be done for `all'.
19:28:10 **** Incremental Build of configuration Debug for project inheritance ****
make all 
make: Nothing to be done for `all'.
10:01:01 **** Incremental Build of configuration Debug for project inheritance ****
make all 
make: Nothing to be done for `all'.
10:01:13 **** Incremental Build of configuration Debug for project inheritance ****
make all 
make: Nothing to be done for `all'.
10:26:36 **** Incremental Build of configuration Debug for project inheritance ****
make all 
make: Nothing to be done for `all'.
10:26:48 **** Incremental Build of configuration Debug for project inheritance ****
make all 
make: Nothing to be done for `all'.
10:31:20 **** Incremental Build of configuration Debug for project inheritance ****
make all 
make: Nothing to be done for `all'.
11:33:21 **** Incremental Build of configuration Debug for project inheritance ****
make all 
make: Nothing to be done for `all'.
11:33:34 **** Incremental Build of configuration Debug for project inheritance ****
make all 
make: Nothing to be done for `all'.
11:33:47 **** Incremental Build of configuration Debug for project inheritance ****
make all 
make: Nothing to be done for `all'.
11:36:32 **** Incremental Build of configuration Debug for project inheritance ****
make all 
make: Nothing to be done for `all'.
11:36:49 **** Incremental Build of configuration Debug for project inheritance ****
make all 
make: Nothing to be done for `all'.
11:45:17 **** Incremental Build of configuration Debug for project inheritance ****
make all 
make: Nothing to be done for `all'.
11:54:08 **** Incremental Build of configuration Debug for project inheritance ****
make all 
make: Nothing to be done for `all'.
11:58:42 **** Incremental Build of configuration Debug for project inheritance ****
make all 
make: Nothing to be done for `all'.
11:58:55 **** Incremental Build of configuration Debug for project inheritance ****
make all 
make: Nothing to be done for `all'.
12:00:24 **** Incremental Build of configuration Debug for project inheritance ****
make all 
make: Nothing to be done for `all'.
12:00:37 **** Incremental Build of configuration Debug for project inheritance ****
make all 
make: Nothing to be done for `all'.
12:02:29 **** Incremental Build of configuration Debug for project inheritance ****
make all 
make: Nothing to be done for `all'.
12:02:41 **** Incremental Build of configuration Debug for project inheritance ****
make all 
make: Nothing to be done for `all'.
12:02:52 **** Incremental Build of configuration Debug for project inheritance ****
make all 
make: Nothing to be done for `all'.
12:10:39 **** Incremental Build of configuration Debug for project inheritance ****
make all 
make: Nothing to be done for `all'.
12:13:32 **** Incremental Build of configuration Debug for project inheritance ****
make all 
make: Nothing to be done for `all'.
12:14:05 **** Incremental Build of configuration Debug for project inheritance ****
make all 
make: Nothing to be done for `all'.
12:16:13 **** Incremental Build of configuration Debug for project inheritance ****
make all 
make: Nothing to be done for `all'.
12:16:25 **** Incremental Build of configuration Debug for project inheritance ****
make all 
make: Nothing to be done for `all'.
12:18:44 **** Incremental Build of configuration Debug for project inheritance ****
make all 
make: Nothing to be done for `all'.
12:18:55 **** Incremental Build of configuration Debug for project inheritance ****
make all 
make: Nothing to be done for `all'.
12:19:06 **** Incremental Build of configuration Debug for project inheritance ****
make all 
make: Nothing to be done for `all'.
12:20:59 **** Incremental Build of configuration Debug for project inheritance ****
make all 
make: Nothing to be done for `all'.
13:33:41 **** Incremental Build of configuration Debug for project inheritance ****
make all 
make: Nothing to be done for `all'.
13:33:49 **** Incremental Build of configuration Debug for project inheritance ****
make all 
make: Nothing to be done for `all'.
16:12:17 **** Incremental Build of configuration Debug for project inheritance ****
make all 
make: Nothing to be done for `all'.
16:12:30 **** Incremental Build of configuration Debug for project inheritance ****
make all 
make: Nothing to be done for `all'.
16:12:43 **** Incremental Build of configuration Debug for project inheritance ****
make all 
make: Nothing to be done for `all'.
17:08:09 **** Incremental Build of configuration Debug for project inheritance ****
make all 
make: Nothing to be done for `all'.
17:09:15 **** Incremental Build of configuration Debug for project inheritance ****
make all 
make: Nothing to be done for `all'.
17:09:30 **** Incremental Build of configuration Debug for project inheritance ****
make all 
make: Nothing to be done for `all'.
10:50:55 **** Incremental Build of configuration Debug for project inheritance ****
make all 
make: Nothing to be done for `all'.
11:15:55 **** Incremental Build of configuration Debug for project inheritance ****
make all 
make: Nothing to be done for `all'.
11:16:23 **** Incremental Build of configuration Debug for project inheritance ****
make all 
make: Nothing to be done for `all'.
11:24:00 **** Incremental Build of configuration Debug for project inheritance ****
make all 
make: Nothing to be done for `all'.
11:31:20 **** Incremental Build of configuration Debug for project inheritance ****
make all 
make: Nothing to be done for `all'.
11:31:38 **** Incremental Build of configuration Debug for project inheritance ****
make all 
make: Nothing to be done for `all'.
13:20:54 **** Incremental Build of configuration Debug for project inheritance ****
make all 
make: Nothing to be done for `all'.
13:21:06 **** Incremental Build of configuration Debug for project inheritance ****
make all 
make: Nothing to be done for `all'.
15:46:37 **** Incremental Build of configuration Debug for project inheritance ****
make all 
make: Nothing to be done for `all'.
12:56:41 **** Build of configuration Debug for project C++ ****
make all 
Building file: ../main.cpp
Invoking: GCC C++ Compiler
g++ -O0 -g3 -Wall -c -fmessage-length=0 -MMD -MP -MF"main.d" -MT"main.o" -o "main.o" "../main.cpp"
../main.cpp:28:22: warning: implicit conversion of NULL constant to 'int' [-Wnull-conversion]
        head->data = NULL;
                   ~ ^~~~
                     0
1 warning generated.
Finished building: ../main.cpp
 
Building target: C++
Invoking: MacOS X C++ Linker
g++  -o "C++"  ./main.o   
Finished building target: C++
 
12:56:44 **** Incremental Build of configuration Debug for project inheritance ****
make all 
make: Nothing to be done for `all'.
12:57:15 **** Incremental Build of configuration Debug for project C++ ****
make all 
make: Nothing to be done for `all'.
12:57:35 **** Incremental Build of configuration Debug for project C++ ****
make all 
make: Nothing to be done for `all'.
12:59:55 **** Incremental Build of configuration Debug for project C++ ****
make all 
Building file: ../main.cpp
Invoking: GCC C++ Compiler
g++ -O0 -g3 -Wall -c -fmessage-length=0 -MMD -MP -MF"main.d" -MT"main.o" -o "main.o" "../main.cpp"
Finished building: ../main.cpp
 
Building target: C++
Invoking: MacOS X C++ Linker
g++  -o "C++"  ./main.o   
Finished building target: C++
 
13:11:17 **** Incremental Build of configuration Debug for project C++ ****
make all 
Building file: ../main.cpp
Invoking: GCC C++ Compiler
g++ -O0 -g3 -Wall -c -fmessage-length=0 -MMD -MP -MF"main.d" -MT"main.o" -o "main.o" "../main.cpp"
Finished building: ../main.cpp
 
Building target: C++
Invoking: MacOS X C++ Linker
g++  -o "C++"  ./main.o   
Undefined symbols for architecture x86_64:
  "cv::_InputArray::_InputArray(cv::Mat const&)", referenced from:
      _main in main.o
  "cv::namedWindow(std::__1::basic_string<char, std::__1::char_traits<char>, std::__1::allocator<char> > const&, int)", referenced from:
      _main in main.o
  "cv::Mat::deallocate()", referenced from:
      cv::Mat::release() in main.o
  "cv::Mat::copySize(cv::Mat const&)", referenced from:
      cv::Mat::operator=(cv::Mat const&) in main.o
  "cv::imread(std::__1::basic_string<char, std::__1::char_traits<char>, std::__1::allocator<char> > const&, int)", referenced from:
      _main in main.o
  "cv::imshow(std::__1::basic_string<char, std::__1::char_traits<char>, std::__1::allocator<char> > const&, cv::_InputArray const&)", referenced from:
      _main in main.o
  "cv::waitKey(int)", referenced from:
      _main in main.o
  "cv::fastFree(void*)", referenced from:
      cv::Mat::~Mat() in main.o
ld: symbol(s) not found for architecture x86_64
clang: error: linker command failed with exit code 1 (use -v to see invocation)
make: *** [C++] Error 1
13:11:41 **** Incremental Build of configuration Debug for project C++ ****
make all 
Building target: C++
Undefined symbols for architecture x86_64:
Invoking: MacOS X C++ Linker
g++  -o "C++"  ./main.o   
  "cv::_InputArray::_InputArray(cv::Mat const&)", referenced from:
      _main in main.o
  "cv::namedWindow(std::__1::basic_string<char, std::__1::char_traits<char>, std::__1::allocator<char> > const&, int)", referenced from:
      _main in main.o
  "cv::Mat::deallocate()", referenced from:
      cv::Mat::release() in main.o
  "cv::Mat::copySize(cv::Mat const&)", referenced from:
      cv::Mat::operator=(cv::Mat const&) in main.o
  "cv::imread(std::__1::basic_string<char, std::__1::char_traits<char>, std::__1::allocator<char> > const&, int)", referenced from:
      _main in main.o
  "cv::imshow(std::__1::basic_string<char, std::__1::char_traits<char>, std::__1::allocator<char> > const&, cv::_InputArray const&)", referenced from:
      _main in main.o
  "cv::waitKey(int)", referenced from:
      _main in main.o
  "cv::fastFree(void*)", referenced from:
      cv::Mat::~Mat() in main.o
ld: symbol(s) not found for architecture x86_64
clang: error: linker command failed with exit code 1 (use -v to see invocation)
make: *** [C++] Error 1
18:16:11 **** Incremental Build of configuration Debug for project C++ ****
make all 
Building file: ../main.cpp
Invoking: GCC C++ Compiler
g++ -I/usr/local/Cellar/opencv/2.4.13.2/include/opencv -O0 -g3 -Wall -c -fmessage-length=0 -MMD -MP -MF"main.d" -MT"main.o" -o "main.o" "../main.cpp"
Finished building: ../main.cpp
 
Building target: C++
Invoking: MacOS X C++ Linker
g++ -L/usr/local/Cellar/opencv/2.4.13.2/lib -o "C++"  ./main.o   -lopencv_core -lopencv_imgproc -lopencv_highgui
Finished building target: C++
 
18:16:13 **** Incremental Build of configuration Debug for project inheritance ****
make all 
make: Nothing to be done for `all'.
18:22:22 **** Incremental Build of configuration Debug for project C++ ****
make all 
make: Nothing to be done for `all'.
18:24:12 **** Incremental Build of configuration Debug for project C++ ****
make all 
Building file: ../main.cpp
Invoking: GCC C++ Compiler
g++ -I/usr/local/Cellar/opencv/2.4.13.2/include/opencv -O0 -g3 -Wall -c -fmessage-length=0 -MMD -MP -MF"main.d" -MT"main.o" -o "main.o" "../main.cpp"
Finished building: ../main.cpp
 
Building target: C++
Invoking: MacOS X C++ Linker
g++ -L/usr/local/Cellar/opencv/2.4.13.2/lib -o "C++"  ./main.o   -lopencv_core -lopencv_imgproc -lopencv_highgui
Finished building target: C++
 
18:24:14 **** Incremental Build of configuration Debug for project inheritance ****
make all 
make: Nothing to be done for `all'.
18:24:18 **** Incremental Build of configuration Debug for project C++ ****
make all 
make: Nothing to be done for `all'.
18:24:58 **** Incremental Build of configuration Debug for project C++ ****
make all 
Building file: ../main.cpp
Invoking: GCC C++ Compiler
g++ -I/usr/local/Cellar/opencv/2.4.13.2/include/opencv -O0 -g3 -Wall -c -fmessage-length=0 -MMD -MP -MF"main.d" -MT"main.o" -o "main.o" "../main.cpp"
Finished building: ../main.cpp
 
Building target: C++
Invoking: MacOS X C++ Linker
g++ -L/usr/local/Cellar/opencv/2.4.13.2/lib -o "C++"  ./main.o   -lopencv_core -lopencv_imgproc -lopencv_highgui
Finished building target: C++
 
18:25:00 **** Incremental Build of configuration Debug for project inheritance ****
make all 
make: Nothing to be done for `all'.
18:25:07 **** Incremental Build of configuration Debug for project C++ ****
make all 
make: Nothing to be done for `all'.
18:26:01 **** Incremental Build of configuration Debug for project C++ ****
make all 
make: Nothing to be done for `all'.
18:26:02 **** Incremental Build of configuration Debug for project inheritance ****
make all 
make: Nothing to be done for `all'.
18:26:05 **** Incremental Build of configuration Debug for project C++ ****
make all 
make: Nothing to be done for `all'.
18:27:37 **** Incremental Build of configuration Debug for project C++ ****
make all 
Building file: ../main.cpp
Invoking: GCC C++ Compiler
g++ -I/usr/local/Cellar/opencv/2.4.13.2/include/opencv -O0 -g3 -Wall -c -fmessage-length=0 -MMD -MP -MF"main.d" -MT"main.o" -o "main.o" "../main.cpp"
../main.cpp:29:25: warning: conversion from string literal to 'char *' is deprecated [-Wc++11-compat-deprecated-writable-strings]
  char* source_window = "Source";
                        ^
1 warning generated.
Finished building: ../main.cpp
 
Building target: C++
Invoking: MacOS X C++ Linker
g++ -L/usr/local/Cellar/opencv/2.4.13.2/lib -o "C++"  ./main.o   -lopencv_core -lopencv_imgproc -lopencv_highgui
Finished building target: C++
 
18:27:39 **** Incremental Build of configuration Debug for project inheritance ****
make all 
make: Nothing to be done for `all'.
18:27:58 **** Incremental Build of configuration Debug for project C++ ****
make all 
make: Nothing to be done for `all'.
18:29:18 **** Incremental Build of configuration Debug for project C++ ****
make all 
make: Nothing to be done for `all'.
18:35:31 **** Incremental Build of configuration Debug for project C++ ****
make all 
Building file: ../main.cpp
Invoking: GCC C++ Compiler
g++ -I/usr/local/Cellar/opencv/2.4.13.2/include/opencv -I/usr/local/Cellar -O0 -g3 -Wall -c -fmessage-length=0 -MMD -MP -MF"main.d" -MT"main.o" -o "main.o" "../main.cpp"
In file included from ../main.cpp:6:
/usr/local/Cellar/opencv3/3.2.0/include/opencv2/objdetect.hpp:166:1: error: extraneous 'template<>' in declaration of variable 'DefaultDeleter'
template<> CV_EXPORTS void DefaultDeleter<CvHaarClassifierCascade>::operator ()(CvHaarClassifierCascade* obj) const;
^~~~~~~~~~
/usr/local/Cellar/opencv3/3.2.0/include/opencv2/objdetect.hpp:166:28: error: variable has incomplete type 'void'
template<> CV_EXPORTS void DefaultDeleter<CvHaarClassifierCascade>::operator ()(CvHaarClassifierCascade* obj) const;
                           ^
/usr/local/Cellar/opencv3/3.2.0/include/opencv2/objdetect.hpp:166:42: error: expected ';' at end of declaration
template<> CV_EXPORTS void DefaultDeleter<CvHaarClassifierCascade>::operator ()(CvHaarClassifierCascade* obj) const;
                                         ^
                                         ;
/usr/local/Cellar/opencv3/3.2.0/include/opencv2/objdetect.hpp:166:42: error: expected unqualified-id
/usr/local/Cellar/opencv3/3.2.0/include/opencv2/objdetect.hpp:432:5: error: unknown type name 'UMat'; did you mean 'Mat'?
    UMat oclSvmDetector;
    ^~~~
    Mat
/usr/local/include/opencv2/core/core.hpp:1710:18: note: 'Mat' declared here
class CV_EXPORTS Mat
                 ^
In file included from ../main.cpp:6:
/usr/local/Cellar/opencv3/3.2.0/include/opencv2/objdetect.hpp:460:10: fatal error: 'opencv2/objdetect/detection_based_tracker.hpp' file not found
#include "opencv2/objdetect/detection_based_tracker.hpp"
         ^
6 errors generated.
make: *** [main.o] Error 1
18:35:33 **** Incremental Build of configuration Debug for project inheritance ****
make all 
make: Nothing to be done for `all'.
18:36:44 **** Incremental Build of configuration Debug for project C++ ****
make all 
Building file: ../main.cpp
Invoking: GCC C++ Compiler
g++ -I/usr/local/Cellar/opencv/2.4.13.2/include/opencv -I/usr/local/Cellar -O0 -g3 -Wall -c -fmessage-length=0 -MMD -MP -MF"main.d" -MT"main.o" -o "main.o" "../main.cpp"
../main.cpp:29:25: warning: conversion from string literal to 'char *' is deprecated [-Wc++11-compat-deprecated-writable-strings]
  char* source_window = "Source";
                        ^
1 warning generated.
Finished building: ../main.cpp
 
Building target: C++
Invoking: MacOS X C++ Linker
g++ -L/usr/local/Cellar/opencv/2.4.13.2/lib -L/usr/local/Cellar -o "C++"  ./main.o   -lopencv_core -lopencv_imgproc -lopencv_highgui
Finished building target: C++
 
18:36:46 **** Incremental Build of configuration Debug for project inheritance ****
make all 
make: Nothing to be done for `all'.
18:36:59 **** Incremental Build of configuration Debug for project C++ ****
make all 
make: Nothing to be done for `all'.
18:40:11 **** Incremental Build of configuration Debug for project C++ ****
make all 
Building file: ../main.cpp
Invoking: GCC C++ Compiler
g++ -I/usr/local/Cellar/opencv/2.4.13.2/include/opencv -I/usr/local/Cellar -O0 -g3 -Wall -c -fmessage-length=0 -MMD -MP -MF"main.d" -MT"main.o" -o "main.o" "../main.cpp"
Finished building: ../main.cpp
 
Building target: C++
Invoking: MacOS X C++ Linker
g++ -L/usr/local/Cellar/opencv/2.4.13.2/lib -L/usr/local/Cellar -o "C++"  ./main.o   -lopencv_core -lopencv_imgproc -lopencv_highgui
Finished building target: C++
 
18:40:13 **** Incremental Build of configuration Debug for project inheritance ****
make all 
make: Nothing to be done for `all'.
18:40:16 **** Incremental Build of configuration Debug for project C++ ****
make all 
make: Nothing to be done for `all'.
18:41:57 **** Incremental Build of configuration Debug for project C++ ****
make all 
Building file: ../main.cpp
Invoking: GCC C++ Compiler
g++ -I/usr/local/Cellar/opencv/2.4.13.2/include/opencv -I/usr/local/Cellar -O0 -g3 -Wall -c -fmessage-length=0 -MMD -MP -MF"main.d" -MT"main.o" -o "main.o" "../main.cpp"
../main.cpp:53:1: error: extraneous closing brace ('}')
}
^
1 error generated.
make: *** [main.o] Error 1
18:41:59 **** Incremental Build of configuration Debug for project inheritance ****
make all 
make: Nothing to be done for `all'.
18:42:21 **** Incremental Build of configuration Debug for project C++ ****
make all 
Building file: ../main.cpp
Invoking: GCC C++ Compiler
g++ -I/usr/local/Cellar/opencv/2.4.13.2/include/opencv -I/usr/local/Cellar -O0 -g3 -Wall -c -fmessage-length=0 -MMD -MP -MF"main.d" -MT"main.o" -o "main.o" "../main.cpp"
Finished building: ../main.cpp
 
Building target: C++
Invoking: MacOS X C++ Linker
g++ -L/usr/local/Cellar/opencv/2.4.13.2/lib -L/usr/local/Cellar -o "C++"  ./main.o   -lopencv_core -lopencv_imgproc -lopencv_highgui
Finished building target: C++
 
18:42:23 **** Incremental Build of configuration Debug for project inheritance ****
make all 
make: Nothing to be done for `all'.
18:42:27 **** Incremental Build of configuration Debug for project C++ ****
make all 
make: Nothing to be done for `all'.
18:50:31 **** Incremental Build of configuration Debug for project C++ ****
make all 
Building file: ../main.cpp
Invoking: GCC C++ Compiler
g++ -I/usr/local/Cellar/opencv/2.4.13.2/include/opencv -I/usr/local/Cellar -O0 -g3 -Wall -c -fmessage-length=0 -MMD -MP -MF"main.d" -MT"main.o" -o "main.o" "../main.cpp"
Finished building: ../main.cpp
 
Building target: C++
Invoking: MacOS X C++ Linker
g++ -L/usr/local/Cellar/opencv/2.4.13.2/lib -L/usr/local/Cellar -o "C++"  ./main.o   -lopencv_core -lopencv_imgproc -lopencv_highgui
Finished building target: C++
 
18:50:34 **** Incremental Build of configuration Debug for project inheritance ****
make all 
make: Nothing to be done for `all'.
18:50:37 **** Incremental Build of configuration Debug for project C++ ****
make all 
make: Nothing to be done for `all'.
18:56:06 **** Incremental Build of configuration Debug for project C++ ****
make all 
Building file: ../main.cpp
Invoking: GCC C++ Compiler
g++ -I/usr/local/Cellar/opencv/2.4.13.2/include/opencv -I/usr/local/Cellar -O0 -g3 -Wall -c -fmessage-length=0 -MMD -MP -MF"main.d" -MT"main.o" -o "main.o" "../main.cpp"
Finished building: ../main.cpp
 
Building target: C++
Invoking: MacOS X C++ Linker
g++ -L/usr/local/Cellar/opencv/2.4.13.2/lib -L/usr/local/Cellar -o "C++"  ./main.o   -lopencv_core -lopencv_imgproc -lopencv_highgui
Undefined symbols for architecture x86_64:
  "cv::KalmanFilter::correct(cv::Mat const&)", referenced from:
      _main in main.o
  "cv::KalmanFilter::predict(cv::Mat const&)", referenced from:
      _main in main.o
  "cv::KalmanFilter::KalmanFilter(int, int, int, int)", referenced from:
      _main in main.o
ld: symbol(s) not found for architecture x86_64
clang: error: linker command failed with exit code 1 (use -v to see invocation)
make: *** [C++] Error 1
18:56:08 **** Incremental Build of configuration Debug for project inheritance ****
make all 
make: Nothing to be done for `all'.
18:56:20 **** Incremental Build of configuration Debug for project C++ ****
make all 
Building target: C++
Invoking: MacOS X C++ Linker
g++ -L/usr/local/Cellar/opencv/2.4.13.2/lib -L/usr/local/Cellar -o "C++"  ./main.o   -lopencv_core -lopencv_imgproc -lopencv_highgui
Undefined symbols for architecture x86_64:
  "cv::KalmanFilter::correct(cv::Mat const&)", referenced from:
      _main in main.o
  "cv::KalmanFilter::predict(cv::Mat const&)", referenced from:
      _main in main.o
  "cv::KalmanFilter::KalmanFilter(int, int, int, int)", referenced from:
      _main in main.o
ld: symbol(s) not found for architecture x86_64
clang: error: linker command failed with exit code 1 (use -v to see invocation)
make: *** [C++] Error 1
18:56:29 **** Incremental Build of configuration Debug for project C++ ****
make all 
Building target: C++
Invoking: MacOS X C++ Linker
g++ -L/usr/local/Cellar/opencv/2.4.13.2/lib -L/usr/local/Cellar -o "C++"  ./main.o   -lopencv_core -lopencv_imgproc -lopencv_highgui
Undefined symbols for architecture x86_64:
  "cv::KalmanFilter::correct(cv::Mat const&)", referenced from:
      _main in main.o
  "cv::KalmanFilter::predict(cv::Mat const&)", referenced from:
      _main in main.o
  "cv::KalmanFilter::KalmanFilter(int, int, int, int)", referenced from:
      _main in main.o
ld: symbol(s) not found for architecture x86_64
clang: error: linker command failed with exit code 1 (use -v to see invocation)
make: *** [C++] Error 1
18:56:29 **** Incremental Build of configuration Debug for project inheritance ****
make all 
make: Nothing to be done for `all'.
18:58:14 **** Incremental Build of configuration Debug for project C++ ****
make all 
Building file: ../main.cpp
Invoking: GCC C++ Compiler
g++ -I/usr/local/Cellar/opencv/2.4.13.2/include/opencv -I/usr/local/Cellar -O0 -g3 -Wall -c -fmessage-length=0 -MMD -MP -MF"main.d" -MT"main.o" -o "main.o" "../main.cpp"
Finished building: ../main.cpp
 
Building target: C++
Invoking: MacOS X C++ Linker
g++ -L/usr/local/Cellar/opencv/2.4.13.2/lib -L/usr/local/Cellar -o "C++"  ./main.o   -lopencv_core -lopencv_imgproc -lopencv_highgui
Finished building target: C++
 
18:58:16 **** Incremental Build of configuration Debug for project inheritance ****
make all 
make: Nothing to be done for `all'.
18:58:19 **** Incremental Build of configuration Debug for project C++ ****
make all 
make: Nothing to be done for `all'.
18:58:55 **** Incremental Build of configuration Debug for project C++ ****
make all 
Building file: ../main.cpp
Invoking: GCC C++ Compiler
g++ -I/usr/local/Cellar/opencv/2.4.13.2/include/opencv -I/usr/local/Cellar -O0 -g3 -Wall -c -fmessage-length=0 -MMD -MP -MF"main.d" -MT"main.o" -o "main.o" "../main.cpp"
../main.cpp:3:3: error: use of undeclared identifier 'cv'
  cv::VideoCapture cap(0);
  ^
../main.cpp:8:7: error: use of undeclared identifier 'cv'
      cv::Mat frame;
      ^
../main.cpp:9:7: error: use of undeclared identifier 'cap'
      cap >> frame;
      ^
../main.cpp:10:7: error: use of undeclared identifier 'cv'
      cv::Mat hsv;
      ^
../main.cpp:11:7: error: use of undeclared identifier 'cv'
      cv::cvtColor(frame, hsv, CV_BGR2HSV);
      ^
../main.cpp:11:32: error: use of undeclared identifier 'CV_BGR2HSV'
      cv::cvtColor(frame, hsv, CV_BGR2HSV);
                               ^
../main.cpp:12:7: error: use of undeclared identifier 'cv'
      cv::inRange(hsv, cv::Scalar(minH, minS, minV), cv::Scalar(maxH, maxS, maxV), hsv);
      ^
../main.cpp:12:24: error: use of undeclared identifier 'cv'
      cv::inRange(hsv, cv::Scalar(minH, minS, minV), cv::Scalar(maxH, maxS, maxV), hsv);
                       ^
../main.cpp:12:54: error: use of undeclared identifier 'cv'
      cv::inRange(hsv, cv::Scalar(minH, minS, minV), cv::Scalar(maxH, maxS, maxV), hsv);
                                                     ^
../main.cpp:13:7: error: use of undeclared identifier 'cv'
      cv::imshow(windowName, hsv);
      ^
../main.cpp:14:11: error: use of undeclared identifier 'cv'
      if (cv::waitKey(30) >= 0) break;
          ^
11 errors generated.
make: *** [main.o] Error 1
18:58:55 **** Incremental Build of configuration Debug for project inheritance ****
make all 
make: Nothing to be done for `all'.
18:59:14 **** Incremental Build of configuration Debug for project C++ ****
make all 
Building file: ../main.cpp
Invoking: GCC C++ Compiler
g++ -I/usr/local/Cellar/opencv/2.4.13.2/include/opencv -I/usr/local/Cellar -O0 -g3 -Wall -c -fmessage-length=0 -MMD -MP -MF"main.d" -MT"main.o" -o "main.o" "../main.cpp"
Finished building: ../main.cpp
 
Building target: C++
Invoking: MacOS X C++ Linker
g++ -L/usr/local/Cellar/opencv/2.4.13.2/lib -L/usr/local/Cellar -o "C++"  ./main.o   -lopencv_core -lopencv_imgproc -lopencv_highgui
Finished building target: C++
 
18:59:16 **** Incremental Build of configuration Debug for project inheritance ****
make all 
make: Nothing to be done for `all'.
18:59:20 **** Incremental Build of configuration Debug for project C++ ****
make all 
make: Nothing to be done for `all'.
19:00:09 **** Incremental Build of configuration Debug for project C++ ****
make all 
Building file: ../main.cpp
Invoking: GCC C++ Compiler
g++ -I/usr/local/Cellar/opencv/2.4.13.2/include/opencv -I/usr/local/Cellar -O0 -g3 -Wall -c -fmessage-length=0 -MMD -MP -MF"main.d" -MT"main.o" -o "main.o" "../main.cpp"
Finished building: ../main.cpp
 
Building target: C++
Invoking: MacOS X C++ Linker
g++ -L/usr/local/Cellar/opencv/2.4.13.2/lib -L/usr/local/Cellar -o "C++"  ./main.o   -lopencv_core -lopencv_imgproc -lopencv_highgui
Finished building target: C++
 
19:00:11 **** Incremental Build of configuration Debug for project inheritance ****
make all 
make: Nothing to be done for `all'.
19:00:16 **** Incremental Build of configuration Debug for project C++ ****
make all 
make: Nothing to be done for `all'.
19:01:25 **** Incremental Build of configuration Debug for project C++ ****
make all 
make: Nothing to be done for `all'.
19:03:18 **** Incremental Build of configuration Debug for project C++ ****
make all 
Building file: ../main.cpp
Invoking: GCC C++ Compiler
g++ -I/usr/local/Cellar/opencv/2.4.13.2/include/opencv -I/usr/local/Cellar -O0 -g3 -Wall -c -fmessage-length=0 -MMD -MP -MF"main.d" -MT"main.o" -o "main.o" "../main.cpp"
Finished building: ../main.cpp
 
Building target: C++
Invoking: MacOS X C++ Linker
g++ -L/usr/local/Cellar/opencv/2.4.13.2/lib -L/usr/local/Cellar -o "C++"  ./main.o   -lopencv_core -lopencv_imgproc -lopencv_highgui
Finished building target: C++
 
19:03:20 **** Incremental Build of configuration Debug for project inheritance ****
make all 
make: Nothing to be done for `all'.
19:03:25 **** Incremental Build of configuration Debug for project C++ ****
make all 
make: Nothing to be done for `all'.
19:05:31 **** Incremental Build of configuration Debug for project C++ ****
make all 
Building file: ../main.cpp
Invoking: GCC C++ Compiler
g++ -I/usr/local/Cellar/opencv/2.4.13.2/include/opencv -I/usr/local/Cellar -O0 -g3 -Wall -c -fmessage-length=0 -MMD -MP -MF"main.d" -MT"main.o" -o "main.o" "../main.cpp"
Finished building: ../main.cpp
 
Building target: C++
Invoking: MacOS X C++ Linker
g++ -L/usr/local/Cellar/opencv/2.4.13.2/lib -L/usr/local/Cellar -o "C++"  ./main.o   -lopencv_core -lopencv_imgproc -lopencv_highgui
Finished building target: C++
 
19:05:33 **** Incremental Build of configuration Debug for project inheritance ****
make all 
make: Nothing to be done for `all'.
19:05:38 **** Incremental Build of configuration Debug for project C++ ****
make all 
make: Nothing to be done for `all'.
19:06:47 **** Incremental Build of configuration Debug for project C++ ****
make all 
Building file: ../main.cpp
Invoking: GCC C++ Compiler
g++ -I/usr/local/Cellar/opencv/2.4.13.2/include/opencv -I/usr/local/Cellar -O0 -g3 -Wall -c -fmessage-length=0 -MMD -MP -MF"main.d" -MT"main.o" -o "main.o" "../main.cpp"
Finished building: ../main.cpp
 
Building target: C++
Invoking: MacOS X C++ Linker
g++ -L/usr/local/Cellar/opencv/2.4.13.2/lib -L/usr/local/Cellar -o "C++"  ./main.o   -lopencv_core -lopencv_imgproc -lopencv_highgui
Finished building target: C++
 
19:06:49 **** Incremental Build of configuration Debug for project inheritance ****
make all 
make: Nothing to be done for `all'.
19:06:53 **** Incremental Build of configuration Debug for project C++ ****
make all 
make: Nothing to be done for `all'.
19:12:34 **** Incremental Build of configuration Debug for project C++ ****
make all 
Building file: ../main.cpp
Invoking: GCC C++ Compiler
g++ -I/usr/local/Cellar/opencv/2.4.13.2/include/opencv -I/usr/local/Cellar -O0 -g3 -Wall -c -fmessage-length=0 -MMD -MP -MF"main.d" -MT"main.o" -o "main.o" "../main.cpp"
../main.cpp:4:10: fatal error: 'opencv2\opencv.hpp' file not found
#include <opencv2\opencv.hpp>
         ^
1 error generated.
make: *** [main.o] Error 1
19:12:36 **** Incremental Build of configuration Debug for project inheritance ****
make all 
make: Nothing to be done for `all'.
19:14:03 **** Incremental Build of configuration Debug for project C++ ****
make all 
Building file: ../main.cpp
Invoking: GCC C++ Compiler
g++ -I/usr/local/Cellar/opencv/2.4.13.2/include/opencv -I/usr/local/Cellar -O0 -g3 -Wall -c -fmessage-length=0 -MMD -MP -MF"main.d" -MT"main.o" -o "main.o" "../main.cpp"
../main.cpp:22:9: warning: unknown pragma ignored [-Wunknown-pragmas]
#pragma comment(lib, "opencv_core247.lib")
        ^
../main.cpp:23:9: warning: unknown pragma ignored [-Wunknown-pragmas]
#pragma comment(lib, "opencv_imgproc247.lib")
        ^
../main.cpp:24:9: warning: unknown pragma ignored [-Wunknown-pragmas]
#pragma comment(lib, "opencv_objdetect247.lib")
        ^
../main.cpp:27:9: warning: unknown pragma ignored [-Wunknown-pragmas]
#pragma comment(lib, "opencv_highgui247.lib")
        ^
../main.cpp:28:9: warning: unknown pragma ignored [-Wunknown-pragmas]
#pragma comment(lib, "opencv_ml247.lib")
        ^
../main.cpp:31:9: warning: unknown pragma ignored [-Wunknown-pragmas]
#pragma comment(lib, "opencv_video247d.lib")
        ^
../main.cpp:61:49: warning: unknown escape sequence '\ ' [-Wunknown-escape-sequence]
 char fileName[100] = "/Users/berny/Pictures/5th\ Graders\ Interview.mp4"; //Gate1_175_p1.avi"; //mm2.avi"; //";//_p1.avi";
                                                ^~
../main.cpp:61:58: warning: unknown escape sequence '\ ' [-Wunknown-escape-sequence]
 char fileName[100] = "/Users/berny/Pictures/5th\ Graders\ Interview.mp4"; //Gate1_175_p1.avi"; //mm2.avi"; //";//_p1.avi";
                                                         ^~
8 warnings generated.
Finished building: ../main.cpp
 
Building target: C++
Invoking: MacOS X C++ Linker
g++ -L/usr/local/Cellar/opencv/2.4.13.2/lib -L/usr/local/Cellar -o "C++"  ./main.o   -lopencv_core -lopencv_imgproc -lopencv_highgui
Undefined symbols for architecture x86_64:
  "cv::BackgroundSubtractorGMG::BackgroundSubtractorGMG()", referenced from:
      _main in main.o
  "cv::BackgroundSubtractorMOG::BackgroundSubtractorMOG()", referenced from:
      _main in main.o
  "cv::BackgroundSubtractorMOG2::BackgroundSubtractorMOG2()", referenced from:
      _main in main.o
ld: symbol(s) not found for architecture x86_64
clang: error: linker command failed with exit code 1 (use -v to see invocation)
make: *** [C++] Error 1
19:14:05 **** Incremental Build of configuration Debug for project inheritance ****
make all 
make: Nothing to be done for `all'.
19:15:13 **** Incremental Build of configuration Debug for project C++ ****
make all 
Building target: C++
Invoking: MacOS X C++ Linker
g++ -L/usr/local/Cellar/opencv/2.4.13.2/lib -L/usr/local/Cellar -o "C++"  ./main.o   -lopencv_core -lopencv_imgproc -lopencv_highgui
Undefined symbols for architecture x86_64:
  "cv::BackgroundSubtractorGMG::BackgroundSubtractorGMG()", referenced from:
      _main in main.o
  "cv::BackgroundSubtractorMOG::BackgroundSubtractorMOG()", referenced from:
      _main in main.o
  "cv::BackgroundSubtractorMOG2::BackgroundSubtractorMOG2()", referenced from:
      _main in main.o
ld: symbol(s) not found for architecture x86_64
clang: error: linker command failed with exit code 1 (use -v to see invocation)
make: *** [C++] Error 1
19:18:47 **** Incremental Build of configuration Debug for project C++ ****
make all 
Building file: ../main.cpp
Invoking: GCC C++ Compiler
g++ -I/usr/local/Cellar/opencv/2.4.13.2/include/opencv -I/usr/local/Cellar -O0 -g3 -Wall -c -fmessage-length=0 -MMD -MP -MF"main.d" -MT"main.o" -o "main.o" "../main.cpp"
Finished building: ../main.cpp
 
Building target: C++
Invoking: MacOS X C++ Linker
g++ -L/usr/local/Cellar/opencv/2.4.13.2/lib -L/usr/local/Cellar -o "C++"  ./main.o   -lopencv_core -lopencv_imgproc -lopencv_highgui
Finished building target: C++
 
19:18:50 **** Incremental Build of configuration Debug for project inheritance ****
make all 
make: Nothing to be done for `all'.
19:18:53 **** Incremental Build of configuration Debug for project C++ ****
make all 
make: Nothing to be done for `all'.
19:18:55 **** Incremental Build of configuration Debug for project C++ ****
make all 
make: Nothing to be done for `all'.
18:13:32 **** Incremental Build of configuration Debug for project C++ ****
make all 
make: Nothing to be done for `all'.
18:13:34 **** Incremental Build of configuration Debug for project inheritance ****
make all 
make: Nothing to be done for `all'.
11:08:14 **** Incremental Build of configuration Debug for project C++ ****
make all 
make: Nothing to be done for `all'.
11:08:18 **** Incremental Build of configuration Debug for project inheritance ****
make all 
make: Nothing to be done for `all'.
15:31:35 **** Incremental Build of configuration Debug for project C++ ****
make all 
make: Nothing to be done for `all'.
15:31:36 **** Incremental Build of configuration Debug for project inheritance ****
make all 
make: Nothing to be done for `all'.
15:31:47 **** Incremental Build of configuration Debug for project C++ ****
make all 
make: Nothing to be done for `all'.
15:31:48 **** Incremental Build of configuration Debug for project inheritance ****
make all 
make: Nothing to be done for `all'.
15:49:20 **** Incremental Build of configuration Debug for project C++ ****
make all 
make: Nothing to be done for `all'.
15:49:21 **** Incremental Build of configuration Debug for project inheritance ****
make all 
make: Nothing to be done for `all'.
15:49:51 **** Incremental Build of configuration Debug for project C++ ****
make all 
make: Nothing to be done for `all'.
15:49:51 **** Incremental Build of configuration Debug for project inheritance ****
make all 
make: Nothing to be done for `all'.
15:50:08 **** Incremental Build of configuration Debug for project C++ ****
make all 
make: Nothing to be done for `all'.
15:50:09 **** Incremental Build of configuration Debug for project inheritance ****
make all 
make: Nothing to be done for `all'.
15:50:21 **** Incremental Build of configuration Debug for project C++ ****
make all 
make: Nothing to be done for `all'.
15:50:22 **** Incremental Build of configuration Debug for project inheritance ****
make all 
make: Nothing to be done for `all'.
15:54:23 **** Incremental Build of configuration Debug for project C++ ****
make all 
make: Nothing to be done for `all'.
15:54:24 **** Incremental Build of configuration Debug for project inheritance ****
make all 
make: Nothing to be done for `all'.
15:54:35 **** Incremental Build of configuration Debug for project C++ ****
make all 
make: Nothing to be done for `all'.
15:54:36 **** Incremental Build of configuration Debug for project inheritance ****
make all 
make: Nothing to be done for `all'.
15:55:47 **** Incremental Build of configuration Debug for project C++ ****
make all 
make: Nothing to be done for `all'.
15:55:48 **** Incremental Build of configuration Debug for project inheritance ****
make all 
make: Nothing to be done for `all'.
15:56:05 **** Incremental Build of configuration Debug for project C++ ****
make all 
make: Nothing to be done for `all'.
15:56:06 **** Incremental Build of configuration Debug for project inheritance ****
make all 
make: Nothing to be done for `all'.
15:57:24 **** Incremental Build of configuration Debug for project C++ ****
make all 
make: Nothing to be done for `all'.
15:57:25 **** Incremental Build of configuration Debug for project inheritance ****
make all 
make: Nothing to be done for `all'.
15:57:36 **** Incremental Build of configuration Debug for project C++ ****
make all 
make: Nothing to be done for `all'.
15:57:37 **** Incremental Build of configuration Debug for project inheritance ****
make all 
make: Nothing to be done for `all'.
15:59:19 **** Incremental Build of configuration Debug for project C++ ****
make all 
make: Nothing to be done for `all'.
15:59:19 **** Incremental Build of configuration Debug for project inheritance ****
make all 
make: Nothing to be done for `all'.
15:59:31 **** Incremental Build of configuration Debug for project C++ ****
make all 
make: Nothing to be done for `all'.
15:59:32 **** Incremental Build of configuration Debug for project inheritance ****
make all 
make: Nothing to be done for `all'.
16:08:15 **** Incremental Build of configuration Debug for project C++ ****
make all 
make: Nothing to be done for `all'.
16:08:16 **** Incremental Build of configuration Debug for project inheritance ****
make all 
make: Nothing to be done for `all'.
16:09:44 **** Incremental Build of configuration Debug for project C++ ****
make all 
make: Nothing to be done for `all'.
16:09:44 **** Incremental Build of configuration Debug for project inheritance ****
make all 
make: Nothing to be done for `all'.
16:09:56 **** Incremental Build of configuration Debug for project C++ ****
make all 
make: Nothing to be done for `all'.
16:09:56 **** Incremental Build of configuration Debug for project inheritance ****
make all 
make: Nothing to be done for `all'.
16:11:55 **** Incremental Build of configuration Debug for project C++ ****
make all 
make: Nothing to be done for `all'.
16:11:56 **** Incremental Build of configuration Debug for project inheritance ****
make all 
make: Nothing to be done for `all'.
16:12:12 **** Incremental Build of configuration Debug for project C++ ****
make all 
make: Nothing to be done for `all'.
16:12:12 **** Incremental Build of configuration Debug for project inheritance ****
make all 
make: Nothing to be done for `all'.
16:23:01 **** Incremental Build of configuration Debug for project C++ ****
make all 
make: Nothing to be done for `all'.
16:23:02 **** Incremental Build of configuration Debug for project inheritance ****
make all 
make: Nothing to be done for `all'.
16:25:57 **** Incremental Build of configuration Debug for project C++ ****
make all 
make: Nothing to be done for `all'.
16:25:57 **** Incremental Build of configuration Debug for project inheritance ****
make all 
make: Nothing to be done for `all'.
16:28:20 **** Incremental Build of configuration Debug for project C++ ****
make all 
make: Nothing to be done for `all'.
16:28:20 **** Incremental Build of configuration Debug for project inheritance ****
make all 
make: Nothing to be done for `all'.
16:28:32 **** Incremental Build of configuration Debug for project C++ ****
make all 
make: Nothing to be done for `all'.
16:28:33 **** Incremental Build of configuration Debug for project inheritance ****
make all 
make: Nothing to be done for `all'.
16:33:25 **** Incremental Build of configuration Debug for project C++ ****
make all 
make: Nothing to be done for `all'.
16:33:26 **** Incremental Build of configuration Debug for project inheritance ****
make all 
make: Nothing to be done for `all'.
16:33:39 **** Incremental Build of configuration Debug for project C++ ****
make all 
make: Nothing to be done for `all'.
16:33:39 **** Incremental Build of configuration Debug for project inheritance ****
make all 
make: Nothing to be done for `all'.
16:35:10 **** Incremental Build of configuration Debug for project C++ ****
make all 
make: Nothing to be done for `all'.
16:35:11 **** Incremental Build of configuration Debug for project inheritance ****
make all 
make: Nothing to be done for `all'.
16:35:23 **** Incremental Build of configuration Debug for project C++ ****
make all 
make: Nothing to be done for `all'.
16:35:24 **** Incremental Build of configuration Debug for project inheritance ****
make all 
make: Nothing to be done for `all'.
16:36:50 **** Incremental Build of configuration Debug for project C++ ****
make all 
make: Nothing to be done for `all'.
16:36:51 **** Incremental Build of configuration Debug for project inheritance ****
make all 
make: Nothing to be done for `all'.
16:37:02 **** Incremental Build of configuration Debug for project C++ ****
make all 
make: Nothing to be done for `all'.
16:37:03 **** Incremental Build of configuration Debug for project inheritance ****
make all 
make: Nothing to be done for `all'.
16:38:50 **** Incremental Build of configuration Debug for project C++ ****
make all 
make: Nothing to be done for `all'.
16:38:51 **** Incremental Build of configuration Debug for project inheritance ****
make all 
make: Nothing to be done for `all'.
16:39:03 **** Incremental Build of configuration Debug for project C++ ****
make all 
make: Nothing to be done for `all'.
16:39:04 **** Incremental Build of configuration Debug for project inheritance ****
make all 
make: Nothing to be done for `all'.
17:39:36 **** Incremental Build of configuration Debug for project C++ ****
make all 
make: Nothing to be done for `all'.
17:39:38 **** Incremental Build of configuration Debug for project inheritance ****
make all 
make: Nothing to be done for `all'.
17:42:28 **** Incremental Build of configuration Debug for project C++ ****
make all 
make: Nothing to be done for `all'.
17:42:29 **** Incremental Build of configuration Debug for project inheritance ****
make all 
make: Nothing to be done for `all'.
17:42:42 **** Incremental Build of configuration Debug for project C++ ****
make all 
make: Nothing to be done for `all'.
17:42:42 **** Incremental Build of configuration Debug for project inheritance ****
make all 
make: Nothing to be done for `all'.
17:44:02 **** Incremental Build of configuration Debug for project C++ ****
make all 
make: Nothing to be done for `all'.
17:44:03 **** Incremental Build of configuration Debug for project inheritance ****
make all 
make: Nothing to be done for `all'.
17:44:16 **** Incremental Build of configuration Debug for project C++ ****
make all 
make: Nothing to be done for `all'.
17:44:17 **** Incremental Build of configuration Debug for project inheritance ****
make all 
make: Nothing to be done for `all'.
10:11:49 **** Incremental Build of configuration Debug for project C++ ****
make all 
make: Nothing to be done for `all'.
10:11:51 **** Incremental Build of configuration Debug for project inheritance ****
make all 
make: Nothing to be done for `all'.
10:12:07 **** Incremental Build of configuration Debug for project C++ ****
make all 
make: Nothing to be done for `all'.
10:12:08 **** Incremental Build of configuration Debug for project inheritance ****
make all 
make: Nothing to be done for `all'.
10:12:20 **** Incremental Build of configuration Debug for project C++ ****
make all 
make: Nothing to be done for `all'.
10:12:20 **** Incremental Build of configuration Debug for project inheritance ****
make all 
make: Nothing to be done for `all'.
10:13:57 **** Incremental Build of configuration Debug for project C++ ****
make all 
make: Nothing to be done for `all'.
10:13:58 **** Incremental Build of configuration Debug for project inheritance ****
make all 
make: Nothing to be done for `all'.
10:14:09 **** Incremental Build of configuration Debug for project C++ ****
make all 
make: Nothing to be done for `all'.
10:14:10 **** Incremental Build of configuration Debug for project inheritance ****
make all 
make: Nothing to be done for `all'.
19:55:55 **** Incremental Build of configuration Debug for project C++ ****
make all 
make: Nothing to be done for `all'.
19:56:00 **** Incremental Build of configuration Debug for project inheritance ****
make all 
make: Nothing to be done for `all'.
20:27:03 **** Incremental Build of configuration Debug for project C++ ****
make all 
make: Nothing to be done for `all'.
20:27:04 **** Incremental Build of configuration Debug for project inheritance ****
make all 
make: Nothing to be done for `all'.
20:29:27 **** Incremental Build of configuration Debug for project C++ ****
make all 
make: Nothing to be done for `all'.
20:29:28 **** Incremental Build of configuration Debug for project inheritance ****
make all 
make: Nothing to be done for `all'.
20:29:47 **** Incremental Build of configuration Debug for project C++ ****
make all 
make: Nothing to be done for `all'.
20:29:48 **** Incremental Build of configuration Debug for project inheritance ****
make all 
make: Nothing to be done for `all'.
20:30:50 **** Incremental Build of configuration Debug for project C++ ****
make all 
make: Nothing to be done for `all'.
20:31:04 **** Incremental Build of configuration Debug for project C++ ****
make all 
make: Nothing to be done for `all'.
20:31:05 **** Incremental Build of configuration Debug for project inheritance ****
make all 
make: Nothing to be done for `all'.
20:42:08 **** Incremental Build of configuration Debug for project C++ ****
make all 
make: Nothing to be done for `all'.
20:42:09 **** Incremental Build of configuration Debug for project inheritance ****
make all 
make: Nothing to be done for `all'.
20:46:34 **** Incremental Build of configuration Debug for project C++ ****
make all 
make: Nothing to be done for `all'.
20:46:35 **** Incremental Build of configuration Debug for project inheritance ****
make all 
make: Nothing to be done for `all'.
08:03:14 **** Incremental Build of configuration Debug for project C++ ****
make all 
make: Nothing to be done for `all'.
08:03:18 **** Incremental Build of configuration Debug for project inheritance ****
make all 
make: Nothing to be done for `all'.
